<?xml version="1.0" encoding="UTF-8"?>
<testsuite name="com.efrei.JPATest.JpaTestApplicationTests" tests="1" skipped="0" failures="0" errors="0" timestamp="2019-11-20T10:23:41" hostname="ABDOUKANE4D8F" time="0.08">
  <properties/>
  <testcase name="contextLoads" classname="com.efrei.JPATest.JpaTestApplicationTests" time="0.08"/>
  <system-out><![CDATA[11:23:32.350 [Test worker] DEBUG org.springframework.test.context.junit4.SpringJUnit4ClassRunner - SpringJUnit4ClassRunner constructor called with [class com.efrei.JPATest.JpaTestApplicationTests]
11:23:32.359 [Test worker] DEBUG org.springframework.test.context.BootstrapUtils - Instantiating CacheAwareContextLoaderDelegate from class [org.springframework.test.context.cache.DefaultCacheAwareContextLoaderDelegate]
11:23:32.372 [Test worker] DEBUG org.springframework.test.context.BootstrapUtils - Instantiating BootstrapContext using constructor [public org.springframework.test.context.support.DefaultBootstrapContext(java.lang.Class,org.springframework.test.context.CacheAwareContextLoaderDelegate)]
11:23:32.394 [Test worker] DEBUG org.springframework.test.context.BootstrapUtils - Instantiating TestContextBootstrapper for test class [com.efrei.JPATest.JpaTestApplicationTests] from class [org.springframework.boot.test.context.SpringBootTestContextBootstrapper]
11:23:32.410 [Test worker] INFO org.springframework.boot.test.context.SpringBootTestContextBootstrapper - Neither @ContextConfiguration nor @ContextHierarchy found for test class [com.efrei.JPATest.JpaTestApplicationTests], using SpringBootContextLoader
11:23:32.414 [Test worker] DEBUG org.springframework.test.context.support.AbstractContextLoader - Did not detect default resource location for test class [com.efrei.JPATest.JpaTestApplicationTests]: class path resource [com/efrei/JPATest/JpaTestApplicationTests-context.xml] does not exist
11:23:32.414 [Test worker] DEBUG org.springframework.test.context.support.AbstractContextLoader - Did not detect default resource location for test class [com.efrei.JPATest.JpaTestApplicationTests]: class path resource [com/efrei/JPATest/JpaTestApplicationTestsContext.groovy] does not exist
11:23:32.415 [Test worker] INFO org.springframework.test.context.support.AbstractContextLoader - Could not detect default resource locations for test class [com.efrei.JPATest.JpaTestApplicationTests]: no resource found for suffixes {-context.xml, Context.groovy}.
11:23:32.415 [Test worker] INFO org.springframework.test.context.support.AnnotationConfigContextLoaderUtils - Could not detect default configuration classes for test class [com.efrei.JPATest.JpaTestApplicationTests]: JpaTestApplicationTests does not declare any static, non-private, non-final, nested classes annotated with @Configuration.
11:23:32.478 [Test worker] DEBUG org.springframework.test.context.support.ActiveProfilesUtils - Could not find an 'annotation declaring class' for annotation type [org.springframework.test.context.ActiveProfiles] and class [com.efrei.JPATest.JpaTestApplicationTests]
11:23:32.601 [Test worker] DEBUG org.springframework.context.annotation.ClassPathScanningCandidateComponentProvider - Identified candidate component class: file [C:\Users\abdoukane\Desktop\JPA-TP1\build\classes\java\main\com\efrei\JPATest\JpaTestApplication.class]
11:23:32.631 [Test worker] INFO org.springframework.boot.test.context.SpringBootTestContextBootstrapper - Found @SpringBootConfiguration com.efrei.JPATest.JpaTestApplication for test class com.efrei.JPATest.JpaTestApplicationTests
11:23:32.794 [Test worker] DEBUG org.springframework.boot.test.context.SpringBootTestContextBootstrapper - @TestExecutionListeners is not present for class [com.efrei.JPATest.JpaTestApplicationTests]: using defaults.
11:23:32.795 [Test worker] INFO org.springframework.boot.test.context.SpringBootTestContextBootstrapper - Loaded default TestExecutionListener class names from location [META-INF/spring.factories]: [org.springframework.boot.test.autoconfigure.restdocs.RestDocsTestExecutionListener, org.springframework.boot.test.autoconfigure.web.client.MockRestServiceServerResetTestExecutionListener, org.springframework.boot.test.autoconfigure.web.servlet.MockMvcPrintOnlyOnFailureTestExecutionListener, org.springframework.boot.test.autoconfigure.web.servlet.WebDriverTestExecutionListener, org.springframework.boot.test.mock.mockito.MockitoTestExecutionListener, org.springframework.boot.test.mock.mockito.ResetMocksTestExecutionListener, org.springframework.test.context.web.ServletTestExecutionListener, org.springframework.test.context.support.DirtiesContextBeforeModesTestExecutionListener, org.springframework.test.context.support.DependencyInjectionTestExecutionListener, org.springframework.test.context.support.DirtiesContextTestExecutionListener, org.springframework.test.context.transaction.TransactionalTestExecutionListener, org.springframework.test.context.jdbc.SqlScriptsTestExecutionListener]
11:23:32.824 [Test worker] INFO org.springframework.boot.test.context.SpringBootTestContextBootstrapper - Using TestExecutionListeners: [org.springframework.test.context.web.ServletTestExecutionListener@33be490b, org.springframework.test.context.support.DirtiesContextBeforeModesTestExecutionListener@20c47aa0, org.springframework.boot.test.mock.mockito.MockitoTestExecutionListener@6b80d2fa, org.springframework.boot.test.autoconfigure.SpringBootDependencyInjectionTestExecutionListener@4cd86d83, org.springframework.test.context.support.DirtiesContextTestExecutionListener@d6f9302, org.springframework.test.context.transaction.TransactionalTestExecutionListener@efde975, org.springframework.test.context.jdbc.SqlScriptsTestExecutionListener@6307fd52, org.springframework.boot.test.autoconfigure.restdocs.RestDocsTestExecutionListener@6cbc20c4, org.springframework.boot.test.autoconfigure.web.client.MockRestServiceServerResetTestExecutionListener@1dba49d2, org.springframework.boot.test.autoconfigure.web.servlet.MockMvcPrintOnlyOnFailureTestExecutionListener@7cedbd51, org.springframework.boot.test.autoconfigure.web.servlet.WebDriverTestExecutionListener@20dc22f3, org.springframework.boot.test.mock.mockito.ResetMocksTestExecutionListener@2d6b9c2c]
11:23:32.826 [Test worker] DEBUG org.springframework.test.annotation.ProfileValueUtils - Retrieved @ProfileValueSourceConfiguration [null] for test class [com.efrei.JPATest.JpaTestApplicationTests]
11:23:32.827 [Test worker] DEBUG org.springframework.test.annotation.ProfileValueUtils - Retrieved ProfileValueSource type [class org.springframework.test.annotation.SystemProfileValueSource] for class [com.efrei.JPATest.JpaTestApplicationTests]
11:23:32.828 [Test worker] DEBUG org.springframework.test.annotation.ProfileValueUtils - Retrieved @ProfileValueSourceConfiguration [null] for test class [com.efrei.JPATest.JpaTestApplicationTests]
11:23:32.828 [Test worker] DEBUG org.springframework.test.annotation.ProfileValueUtils - Retrieved ProfileValueSource type [class org.springframework.test.annotation.SystemProfileValueSource] for class [com.efrei.JPATest.JpaTestApplicationTests]
11:23:32.834 [Test worker] DEBUG org.springframework.test.context.support.AbstractDirtiesContextTestExecutionListener - Before test class: context [DefaultTestContext@640899c8 testClass = JpaTestApplicationTests, testInstance = [null], testMethod = [null], testException = [null], mergedContextConfiguration = [WebMergedContextConfiguration@725f3f0d testClass = JpaTestApplicationTests, locations = '{}', classes = '{class com.efrei.JPATest.JpaTestApplication}', contextInitializerClasses = '[]', activeProfiles = '{}', propertySourceLocations = '{}', propertySourceProperties = '{org.springframework.boot.test.context.SpringBootTestContextBootstrapper=true}', contextCustomizers = set[org.springframework.boot.test.autoconfigure.properties.PropertyMappingContextCustomizer@0, org.springframework.boot.test.autoconfigure.web.servlet.WebDriverContextCustomizerFactory$Customizer@1a33f63, org.springframework.boot.test.context.filter.ExcludeFilterContextCustomizer@3342956e, org.springframework.boot.test.json.DuplicateJsonObjectContextCustomizerFactory$DuplicateJsonObjectContextCustomizer@2b5a18ac, org.springframework.boot.test.mock.mockito.MockitoContextCustomizer@0, org.springframework.boot.test.web.client.TestRestTemplateContextCustomizer@1e97d9f7], resourceBasePath = 'src/main/webapp', contextLoader = 'org.springframework.boot.test.context.SpringBootContextLoader', parent = [null]], attributes = map['org.springframework.test.context.web.ServletTestExecutionListener.activateListener' -> true]], class annotated with @DirtiesContext [false] with mode [null].
11:23:32.835 [Test worker] DEBUG org.springframework.test.annotation.ProfileValueUtils - Retrieved @ProfileValueSourceConfiguration [null] for test class [com.efrei.JPATest.JpaTestApplicationTests]
11:23:32.835 [Test worker] DEBUG org.springframework.test.annotation.ProfileValueUtils - Retrieved ProfileValueSource type [class org.springframework.test.annotation.SystemProfileValueSource] for class [com.efrei.JPATest.JpaTestApplicationTests]
11:23:32.871 [Test worker] DEBUG org.springframework.test.context.support.TestPropertySourceUtils - Adding inlined properties to environment: {spring.jmx.enabled=false, org.springframework.boot.test.context.SpringBootTestContextBootstrapper=true, server.port=-1}

  .   ____          _            __ _ _
 /\\ / ___'_ __ _ _(_)_ __  __ _ \ \ \ \
( ( )\___ | '_ | '_| | '_ \/ _` | \ \ \ \
 \\/  ___)| |_)| | | | | || (_| |  ) ) ) )
  '  |____| .__|_| |_|_| |_\__, | / / / /
 =========|_|==============|___/=/_/_/_/
 :: Spring Boot ::        (v2.1.9.RELEASE)

2019-11-20 11:23:33.411  INFO 2204 --- [    Test worker] c.efrei.JPATest.JpaTestApplicationTests  : Starting JpaTestApplicationTests on ABDOUKANE4D8F with PID 2204 (started by abdoukane in C:\Users\abdoukane\Desktop\JPA-TP1)
2019-11-20 11:23:33.413  INFO 2204 --- [    Test worker] c.efrei.JPATest.JpaTestApplicationTests  : No active profile set, falling back to default profiles: default
2019-11-20 11:23:35.342  INFO 2204 --- [    Test worker] .s.d.r.c.RepositoryConfigurationDelegate : Bootstrapping Spring Data repositories in DEFAULT mode.
2019-11-20 11:23:35.548  INFO 2204 --- [    Test worker] .s.d.r.c.RepositoryConfigurationDelegate : Finished Spring Data repository scanning in 183ms. Found 5 repository interfaces.
2019-11-20 11:23:36.341  INFO 2204 --- [    Test worker] trationDelegate$BeanPostProcessorChecker : Bean 'org.springframework.transaction.annotation.ProxyTransactionManagementConfiguration' of type [org.springframework.transaction.annotation.ProxyTransactionManagementConfiguration$$EnhancerBySpringCGLIB$$f2030a42] is not eligible for getting processed by all BeanPostProcessors (for example: not eligible for auto-proxying)
2019-11-20 11:23:36.664  INFO 2204 --- [    Test worker] com.zaxxer.hikari.HikariDataSource       : HikariPool-1 - Starting...
2019-11-20 11:23:36.979  INFO 2204 --- [    Test worker] com.zaxxer.hikari.HikariDataSource       : HikariPool-1 - Start completed.
2019-11-20 11:23:37.118  INFO 2204 --- [    Test worker] o.hibernate.jpa.internal.util.LogHelper  : HHH000204: Processing PersistenceUnitInfo [
	name: default
	...]
2019-11-20 11:23:37.241  INFO 2204 --- [    Test worker] org.hibernate.Version                    : HHH000412: Hibernate Core {5.3.12.Final}
2019-11-20 11:23:37.245  INFO 2204 --- [    Test worker] org.hibernate.cfg.Environment            : HHH000206: hibernate.properties not found
2019-11-20 11:23:37.534  INFO 2204 --- [    Test worker] o.hibernate.annotations.common.Version   : HCANN000001: Hibernate Commons Annotations {5.0.4.Final}
2019-11-20 11:23:37.840  INFO 2204 --- [    Test worker] org.hibernate.dialect.Dialect            : HHH000400: Using dialect: org.hibernate.dialect.H2Dialect
2019-11-20 11:23:39.124  INFO 2204 --- [    Test worker] o.h.t.schema.internal.SchemaCreatorImpl  : HHH000476: Executing import script 'org.hibernate.tool.schema.internal.exec.ScriptSourceInputNonExistentImpl@6eb49c8a'
2019-11-20 11:23:39.129  INFO 2204 --- [    Test worker] j.LocalContainerEntityManagerFactoryBean : Initialized JPA EntityManagerFactory for persistence unit 'default'
2019-11-20 11:23:40.754  INFO 2204 --- [    Test worker] o.s.s.concurrent.ThreadPoolTaskExecutor  : Initializing ExecutorService 'applicationTaskExecutor'
2019-11-20 11:23:41.054  WARN 2204 --- [    Test worker] aWebConfiguration$JpaWebMvcConfiguration : spring.jpa.open-in-view is enabled by default. Therefore, database queries may be performed during view rendering. Explicitly configure spring.jpa.open-in-view to disable this warning
2019-11-20 11:23:41.552  INFO 2204 --- [    Test worker] c.efrei.JPATest.JpaTestApplicationTests  : Started JpaTestApplicationTests in 8.669 seconds (JVM running for 10.609)
2019-11-20 11:23:41.562  INFO 2204 --- [    Test worker] com.efrei.JPATest.JpaTestApplication     : Tue Oct 09 00:00:00 CEST 2018
2019-11-20 11:23:41.563  INFO 2204 --- [    Test worker] com.efrei.JPATest.JpaTestApplication     : Rent [id=1, beginRent=Tue Oct 09 00:00:00 CEST 2018, endRent=Tue Oct 09 00:00:00 CEST 2018, person=null, vehicules=[]]
2019-11-20 11:23:41.652  INFO 2204 --- [    Test worker] com.efrei.JPATest.JpaTestApplication     : Rents found with findAll():
2019-11-20 11:23:41.652  INFO 2204 --- [    Test worker] com.efrei.JPATest.JpaTestApplication     : -------------------------------
2019-11-20 11:23:41.676  INFO 2204 --- [    Test worker] o.h.h.i.QueryTranslatorFactoryInitiator  : HHH000397: Using ASTQueryTranslatorFactory
2019-11-20 11:23:41.823  INFO 2204 --- [    Test worker] com.efrei.JPATest.JpaTestApplication     : Rent [id=1, beginRent=2018-10-09 00:00:00.0, endRent=2018-10-09 00:00:00.0, person=null, vehicules=[]]
2019-11-20 11:23:41.823  INFO 2204 --- [    Test worker] com.efrei.JPATest.JpaTestApplication     : 
2019-11-20 11:23:41.823  INFO 2204 --- [    Test worker] com.efrei.JPATest.JpaTestApplication     : 
2019-11-20 11:23:41.823  INFO 2204 --- [    Test worker] com.efrei.JPATest.JpaTestApplication     : --------------------------------------------
2019-11-20 11:23:41.871  INFO 2204 --- [    Test worker] com.efrei.JPATest.JpaTestApplication     : Rent [id=1, beginRent=2018-10-09 00:00:00.0, endRent=2018-10-09 00:00:00.0, person=null, vehicules=[]]
]]></system-out>
  <system-err><![CDATA[]]></system-err>
</testsuite>
